[Jun 20 2016 11:22:51.000000 - ERROR] POST /apis/ads/publisher/v201605/ContentService HTTP/1.1
Host: ads.google.com
Connection: Keep-Alive
User-Agent: PHP-SOAP/5.5.9-1ubuntu4.17, gzip
Accept-Encoding: gzip, deflate
Content-Encoding: gzip
Content-Type: text/xml; charset=utf-8
SOAPAction: ""
Content-Length: 367
Authorization: Bearer ya29.Ci8HA_VwG30TG_o8eeH9rCqeP8U3zn1j6pK8LBi4hCKY7GOog7scWugpS3NwABh_zg

<?xml version="1.0" encoding="UTF-8"?>
<SOAP-ENV:Envelope xmlns:SOAP-ENV="http://schemas.xmlsoap.org/soap/envelope/" xmlns:ns1="https://www.google.com/apis/ads/publisher/v201605">
  <SOAP-ENV:Header>
    <ns1:RequestHeader>
      <ns1:networkCode>105176465</ns1:networkCode>
      <ns1:applicationName>FIRST_APPLICATION (DfpApi-PHP/10.0.0, Common-PHP/10.0.0, PHP/5.5.9-1ubuntu4.17)</ns1:applicationName>
    </ns1:RequestHeader>
  </SOAP-ENV:Header>
  <SOAP-ENV:Body>
    <ns1:getContentByStatement>
      <ns1:statement>
        <ns1:query>ORDER BY id ASC LIMIT 500</ns1:query>
      </ns1:statement>
    </ns1:getContentByStatement>
  </SOAP-ENV:Body>
</SOAP-ENV:Envelope>

HTTP/1.1 500 Internal Server Error
Content-Type: text/xml; charset=UTF-8
Content-Encoding: gzip
Date: Mon, 20 Jun 2016 04:22:51 GMT
Expires: Mon, 20 Jun 2016 04:22:51 GMT
Cache-Control: private, max-age=0
X-Content-Type-Options: nosniff
X-Frame-Options: SAMEORIGIN
X-XSS-Protection: 1; mode=block
Server: GSE
Alternate-Protocol: 443:quic
Alt-Svc: quic=":443"; ma=2592000; v="34,33,32,31,30,29,28,27,26,25"
Transfer-Encoding: chunked

<?xml version="1.0"?>
<soap:Envelope xmlns:soap="http://schemas.xmlsoap.org/soap/envelope/">
  <soap:Header>
    <ResponseHeader xmlns="https://www.google.com/apis/ads/publisher/v201605">
      <requestId>cda078a326f22f9b91ac2211578b53de</requestId>
      <responseTime>158</responseTime>
    </ResponseHeader>
  </soap:Header>
  <soap:Body>
    <soap:Fault>
      <faultcode>soap:Server</faultcode>
      <faultstring>[FeatureError.MISSING_FEATURE @ ; trigger:'VIDEO_ADS_SYNDICATION']</faultstring>
      <detail>
        <ApiExceptionFault xmlns="https://www.google.com/apis/ads/publisher/v201605">
          <message>[FeatureError.MISSING_FEATURE @ ; trigger:'VIDEO_ADS_SYNDICATION']</message>
          <errors xmlns:xsi="http://www.w3.org/2001/XMLSchema-instance" xsi:type="FeatureError">
            <fieldPath/>
            <trigger>VIDEO_ADS_SYNDICATION</trigger>
            <errorString>FeatureError.MISSING_FEATURE</errorString>
            <reason>MISSING_FEATURE</reason>
          </errors>
        </ApiExceptionFault>
      </detail>
    </soap:Fault>
  </soap:Body>
</soap:Envelope>

[Jun 20 2016 11:23:57.000000 - ERROR] POST /apis/ads/publisher/v201605/CreativeWrapperService HTTP/1.1
Host: ads.google.com
Connection: Keep-Alive
User-Agent: PHP-SOAP/5.5.9-1ubuntu4.17, gzip
Accept-Encoding: gzip, deflate
Content-Encoding: gzip
Content-Type: text/xml; charset=utf-8
SOAPAction: ""
Content-Length: 379
Authorization: Bearer ya29.Ci8HA0h8PildaiGfimA1tAKR6sqnl0uP-NtlVdTpgDMAHe6fs26qssjjJ7Wd3zTWGA

<?xml version="1.0" encoding="UTF-8"?>
<SOAP-ENV:Envelope xmlns:SOAP-ENV="http://schemas.xmlsoap.org/soap/envelope/" xmlns:ns1="https://www.google.com/apis/ads/publisher/v201605">
  <SOAP-ENV:Header>
    <ns1:RequestHeader>
      <ns1:networkCode>105176465</ns1:networkCode>
      <ns1:applicationName>FIRST_APPLICATION (DfpApi-PHP/10.0.0, Common-PHP/10.0.0, PHP/5.5.9-1ubuntu4.17)</ns1:applicationName>
    </ns1:RequestHeader>
  </SOAP-ENV:Header>
  <SOAP-ENV:Body>
    <ns1:getCreativeWrappersByStatement>
      <ns1:filterStatement>
        <ns1:query>ORDER BY id ASC LIMIT 500</ns1:query>
      </ns1:filterStatement>
    </ns1:getCreativeWrappersByStatement>
  </SOAP-ENV:Body>
</SOAP-ENV:Envelope>

HTTP/1.1 500 Internal Server Error
Content-Type: text/xml; charset=UTF-8
Content-Encoding: gzip
Date: Mon, 20 Jun 2016 04:23:57 GMT
Expires: Mon, 20 Jun 2016 04:23:57 GMT
Cache-Control: private, max-age=0
X-Content-Type-Options: nosniff
X-Frame-Options: SAMEORIGIN
X-XSS-Protection: 1; mode=block
Server: GSE
Alternate-Protocol: 443:quic
Alt-Svc: quic=":443"; ma=2592000; v="34,33,32,31,30,29,28,27,26,25"
Transfer-Encoding: chunked

<?xml version="1.0"?>
<soap:Envelope xmlns:soap="http://schemas.xmlsoap.org/soap/envelope/">
  <soap:Header>
    <ResponseHeader xmlns="https://www.google.com/apis/ads/publisher/v201605">
      <requestId>5484f0c8749d77cc2c21a0248bc75c2f</requestId>
      <responseTime>158</responseTime>
    </ResponseHeader>
  </soap:Header>
  <soap:Body>
    <soap:Fault>
      <faultcode>soap:Server</faultcode>
      <faultstring>[FeatureError.MISSING_FEATURE @ ; trigger:'HEADERS_AND_FOOTERS']</faultstring>
      <detail>
        <ApiExceptionFault xmlns="https://www.google.com/apis/ads/publisher/v201605">
          <message>[FeatureError.MISSING_FEATURE @ ; trigger:'HEADERS_AND_FOOTERS']</message>
          <errors xmlns:xsi="http://www.w3.org/2001/XMLSchema-instance" xsi:type="FeatureError">
            <fieldPath/>
            <trigger>HEADERS_AND_FOOTERS</trigger>
            <errorString>FeatureError.MISSING_FEATURE</errorString>
            <reason>MISSING_FEATURE</reason>
          </errors>
        </ApiExceptionFault>
      </detail>
    </soap:Fault>
  </soap:Body>
</soap:Envelope>

