[Jun 17 2016 14:32:28.000000 - INFO] service=OrderService method=getOrdersByStatement responseTime=184 requestId=58214bf001f8730c08760e518f08fe73 server=ads.google.com isFault=0 faultMessage=null
[Jun 17 2016 14:32:34.000000 - INFO] service=LineItemService method=getLineItemsByStatement responseTime=187 requestId=1c99c8655b70a10c481c06df5b30d3b6 server=ads.google.com isFault=0 faultMessage=null
[Jun 17 2016 14:39:22.000000 - INFO] service=LineItemService method=getLineItemsByStatement responseTime=227 requestId=5b1ef1b296af86d853f0aaf3bed05865 server=ads.google.com isFault=0 faultMessage=null
[Jun 17 2016 14:40:07.000000 - INFO] service=LabelService method=getLabelsByStatement responseTime=119 requestId=5fb48b7e7d2b7d22a53b878a43d06f87 server=ads.google.com isFault=0 faultMessage=null
[Jun 17 2016 14:40:41.000000 - ERROR] service=ContentService method=getContentByStatement responseTime=169 requestId=36ede308addfdc28dce31e09ad9c2bdb server=ads.google.com isFault=1 faultMessage=[FeatureError.MISSING_FEATURE @ ; trigger:'VIDEO_ADS_SYNDICATION']
[Jun 17 2016 14:41:17.000000 - INFO] service=NetworkService method=getAllNetworks responseTime=84 requestId=7900efdf925d6370a9bb06ee2072d499 server=ads.google.com isFault=0 faultMessage=null
[Jun 17 2016 14:41:40.000000 - INFO] service=OrderService method=getOrdersByStatement responseTime=187 requestId=6c91156fe27f927dc7576614147703ae server=ads.google.com isFault=0 faultMessage=null
[Jun 17 2016 14:42:05.000000 - INFO] service=PlacementService method=getPlacementsByStatement responseTime=115 requestId=e2da31ce1c70307202040d013bab47fe server=ads.google.com isFault=0 faultMessage=null
[Jun 17 2016 14:42:24.000000 - INFO] service=PlacementService method=getPlacementsByStatement responseTime=123 requestId=11c552c549a82e9063eb0b8e8554cc7d server=ads.google.com isFault=0 faultMessage=null
[Jun 17 2016 14:43:40.000000 - ERROR] service=ProductService method=getProductsByStatement responseTime=217 requestId=cc610dd5b4de383d52cc5f638f6c1e53 server=ads.google.com isFault=1 faultMessage=[FeatureError.MISSING_FEATURE @ ; trigger:'OFFERS']
[Jun 17 2016 14:44:08.000000 - ERROR] service=ProductTemplateService method=getProductTemplatesByStatement responseTime=191 requestId=44a666242376bb92a30238196b50a178 server=ads.google.com isFault=1 faultMessage=[FeatureError.MISSING_FEATURE @ ; trigger:'XSM_PRODUCT_TEMPLATES']
[Jun 17 2016 14:44:40.000000 - ERROR] service=SuggestedAdUnitService method=getSuggestedAdUnitsByStatement responseTime=148 requestId=8a038eee4092afa893dc7c170f8ed9e4 server=ads.google.com isFault=1 faultMessage=[FeatureError.MISSING_FEATURE @ ; trigger:'XFP_AUTO_IU_SUGGESTION']
[Jun 17 2016 14:44:48.000000 - ERROR] service=SuggestedAdUnitService method=getSuggestedAdUnitsByStatement responseTime=136 requestId=f9dfeef03078f914bfe7a83fe9e22a7b server=ads.google.com isFault=1 faultMessage=[FeatureError.MISSING_FEATURE @ ; trigger:'XFP_AUTO_IU_SUGGESTION']
[Jun 17 2016 14:51:41.000000 - ERROR] service=SuggestedAdUnitService method=getSuggestedAdUnitsByStatement responseTime=161 requestId=260c5302e1a01ecb9cc68f04e7b598c1 server=ads.google.com isFault=1 faultMessage=[FeatureError.MISSING_FEATURE @ ; trigger:'XFP_AUTO_IU_SUGGESTION']
[Jun 17 2016 14:57:30.000000 - INFO] service=UserService method=getCurrentUser responseTime=94 requestId=3d2f57f4cd53e9497ea9710297c6625f server=ads.google.com isFault=0 faultMessage=null
[Jun 17 2016 15:01:57.000000 - INFO] service=UserService method=getCurrentUser responseTime=112 requestId=b29a80afa8e959f23f1fe3ab225f5444 server=ads.google.com isFault=0 faultMessage=null
[Jun 17 2016 15:04:53.000000 - INFO] service=OrderService method=getOrdersByStatement responseTime=170 requestId=88391c3cfedd7a927b8ec9de94a485ea server=ads.google.com isFault=0 faultMessage=null
[Jun 17 2016 15:04:57.000000 - INFO] service=LineItemService method=getLineItemsByStatement responseTime=201 requestId=5132c6b6d8055adc6fca90cbbe1197b7 server=ads.google.com isFault=0 faultMessage=null
[Jun 17 2016 15:05:01.000000 - INFO] service=UserService method=getCurrentUser responseTime=232 requestId=5ba6ca5c84a9909607d589ef74ddaa5b server=ads.google.com isFault=0 faultMessage=null
[Jun 17 2016 15:18:31.000000 - ERROR] service=TeamService method=getTeamsByStatement responseTime=118 requestId=a017728d4f1578c5a759dd784de653cd server=ads.google.com isFault=1 faultMessage=[FeatureError.MISSING_FEATURE @ ; trigger:'TEAMS_XDSM']
[Jun 17 2016 15:18:48.000000 - ERROR] service=SuggestedAdUnitService method=getSuggestedAdUnitsByStatement responseTime=156 requestId=51b215caea9dc5f7199ed94ff8b9313a server=ads.google.com isFault=1 faultMessage=[FeatureError.MISSING_FEATURE @ ; trigger:'XFP_AUTO_IU_SUGGESTION']
[Jun 17 2016 15:18:56.000000 - ERROR] service=SuggestedAdUnitService method=getSuggestedAdUnitsByStatement responseTime=136 requestId=a1db6af766a528dd0a56896dce1ba76b server=ads.google.com isFault=1 faultMessage=[FeatureError.MISSING_FEATURE @ ; trigger:'XFP_AUTO_IU_SUGGESTION']
[Jun 17 2016 15:19:52.000000 - ERROR] service=ProposalLineItemService method=getProposalLineItemsByStatement responseTime=2266 requestId=a5be5577924e88f5d1ccf3049e206c14 server=ads.google.com isFault=1 faultMessage=[FeatureError.MISSING_FEATURE @ ; trigger:'PROPOSALS_LITE']
[Jun 17 2016 15:20:26.000000 - ERROR] service=ProductTemplateService method=getProductTemplatesByStatement responseTime=216 requestId=5756f33fa9d2e082e86592a0b6dc1af9 server=ads.google.com isFault=1 faultMessage=[FeatureError.MISSING_FEATURE @ ; trigger:'XSM_PRODUCT_TEMPLATES']
[Jun 17 2016 15:22:03.000000 - ERROR] service=ActivityGroupService method=getActivityGroupsByStatement responseTime=142 requestId=4c72169884da350a15080bbeefc900a1 server=ads.google.com isFault=1 faultMessage=[ActivityError.ACTIVITIES_FEATURE_REQUIRED @ ]
[Jun 17 2016 15:22:32.000000 - INFO] service=CompanyService method=getCompaniesByStatement responseTime=139 requestId=a968d96880968b1f21274be2bef0e9d0 server=ads.google.com isFault=0 faultMessage=null
[Jun 17 2016 15:22:57.000000 - INFO] service=ContactService method=getContactsByStatement responseTime=110 requestId=f4e9a2a07d7f6ba2bfc5c23868357893 server=ads.google.com isFault=0 faultMessage=null
[Jun 17 2016 15:23:21.000000 - ERROR] service=ContentMetadataKeyHierarchyService method=getContentMetadataKeyHierarchiesByStatement responseTime=153 requestId=bebc05328e671a7c0fa8480be4378d43 server=ads.google.com isFault=1 faultMessage=[FeatureError.MISSING_FEATURE @ ; trigger:'VAS_CONTENT_HIERARCHY']
[Jun 17 2016 15:23:39.000000 - ERROR] service=ContentService method=getContentByStatement responseTime=192 requestId=75928e0343354965e3f179f61ef044b7 server=ads.google.com isFault=1 faultMessage=[FeatureError.MISSING_FEATURE @ ; trigger:'VIDEO_ADS_SYNDICATION']
[Jun 17 2016 15:24:08.000000 - INFO] service=CreativeService method=getCreativesByStatement responseTime=122 requestId=131e088f8b9152ce375b40aafefd2b3f server=ads.google.com isFault=0 faultMessage=null
[Jun 17 2016 15:24:40.000000 - INFO] service=CreativeSetService method=getCreativeSetsByStatement responseTime=110 requestId=6bcfdc8cb064125be840e06f7000aa87 server=ads.google.com isFault=0 faultMessage=null
[Jun 17 2016 15:25:04.000000 - INFO] service=CreativeTemplateService method=getCreativeTemplatesByStatement responseTime=1710 requestId=caf13b9a1693f36ff3c64ff9227fdbe0 server=ads.google.com isFault=0 faultMessage=null
[Jun 17 2016 15:27:11.000000 - ERROR] service=CreativeWrapperService method=getCreativeWrappersByStatement responseTime=157 requestId=7a43f861320fe8bca8784be656b4448b server=ads.google.com isFault=1 faultMessage=[FeatureError.MISSING_FEATURE @ ; trigger:'HEADERS_AND_FOOTERS']
[Jun 17 2016 15:28:53.000000 - ERROR] service=ForecastService method=getAvailabilityForecastById responseTime=0 requestId= server=ads.google.com isFault=1 faultMessage=Unmarshalling Error: For input string: "INSERT_LINE_ITEM_ID_HERE" 
[Jun 17 2016 15:29:11.000000 - INFO] service=NetworkService method=getCurrentNetwork responseTime=104 requestId=8406d0132358ec1dba162b6649801664 server=ads.google.com isFault=0 faultMessage=null
[Jun 17 2016 15:29:12.000000 - ERROR] service=ForecastService method=getAvailabilityForecast responseTime=0 requestId= server=ads.google.com isFault=1 faultMessage=Unmarshalling Error: For input string: "INSERT_ADVERTISER_COMPANY_ID_HERE" 
[Jun 17 2016 16:00:59.000000 - INFO] service=OrderService method=getOrdersByStatement responseTime=166 requestId=f85c666f7f2a2a5061d20cf365e0a3f9 server=ads.google.com isFault=0 faultMessage=null
[Jun 17 2016 16:01:04.000000 - INFO] service=LineItemService method=getLineItemsByStatement responseTime=194 requestId=2c29b00883c5a6dfb2c7bc4207835362 server=ads.google.com isFault=0 faultMessage=null
[Jun 17 2016 16:01:09.000000 - INFO] service=UserService method=getCurrentUser responseTime=90 requestId=471fbf69d72e751323a20beabf421429 server=ads.google.com isFault=0 faultMessage=null
[Jun 17 2016 16:13:41.000000 - INFO] service=OrderService method=getOrdersByStatement responseTime=144 requestId=04dc682bf4c8b39b824ed8051d52932a server=ads.google.com isFault=0 faultMessage=null
[Jun 17 2016 16:13:48.000000 - INFO] service=LineItemService method=getLineItemsByStatement responseTime=170 requestId=c2c5bef4cd00bdd3dd02fb236059fcc8 server=ads.google.com isFault=0 faultMessage=null
[Jun 17 2016 16:13:51.000000 - INFO] service=UserService method=getCurrentUser responseTime=83 requestId=82785243a0072dd0e87ef58ded5f6b75 server=ads.google.com isFault=0 faultMessage=null
[Jun 17 2016 16:14:05.000000 - INFO] service=OrderService method=getOrdersByStatement responseTime=197 requestId=1e9e4ce0dd06bd7c56c1cb4864974b33 server=ads.google.com isFault=0 faultMessage=null
[Jun 17 2016 16:14:10.000000 - INFO] service=LineItemService method=getLineItemsByStatement responseTime=166 requestId=4b5913eb0566eed254c484ff34cbdb3e server=ads.google.com isFault=0 faultMessage=null
[Jun 17 2016 16:14:13.000000 - INFO] service=UserService method=getCurrentUser responseTime=109 requestId=0657fdd965906297be88d13df0c85430 server=ads.google.com isFault=0 faultMessage=null
[Jun 17 2016 16:16:46.000000 - INFO] service=OrderService method=getOrdersByStatement responseTime=175 requestId=69182b60baf674bdd2265e9b0af994bc server=ads.google.com isFault=0 faultMessage=null
[Jun 17 2016 16:16:57.000000 - INFO] service=LineItemService method=getLineItemsByStatement responseTime=194 requestId=1e3c81a83b3141ee6916089800386087 server=ads.google.com isFault=0 faultMessage=null
[Jun 17 2016 16:17:02.000000 - INFO] service=UserService method=getCurrentUser responseTime=91 requestId=4185d308a2b60b9a3c7cf0c82741f1c9 server=ads.google.com isFault=0 faultMessage=null
[Jun 17 2016 16:50:05.000000 - INFO] service=OrderService method=getOrdersByStatement responseTime=185 requestId=4345b5ee70f85c7c9d2a50dda800264d server=ads.google.com isFault=0 faultMessage=null
[Jun 17 2016 16:50:10.000000 - INFO] service=LineItemService method=getLineItemsByStatement responseTime=396 requestId=1620ddfff1323da7ab05a33e1af54245 server=ads.google.com isFault=0 faultMessage=null
[Jun 17 2016 16:50:12.000000 - INFO] service=UserService method=getCurrentUser responseTime=109 requestId=7d7a241160d4abcade474f04c0f3137f server=ads.google.com isFault=0 faultMessage=null
[Jun 17 2016 16:51:58.000000 - INFO] service=OrderService method=getOrdersByStatement responseTime=237 requestId=9e33e5367c5eaeeb4a69aa4f5643a9ea server=ads.google.com isFault=0 faultMessage=null
[Jun 17 2016 16:52:01.000000 - INFO] service=LineItemService method=getLineItemsByStatement responseTime=275 requestId=5c858be34095cabc912b3203489718b1 server=ads.google.com isFault=0 faultMessage=null
[Jun 17 2016 16:52:04.000000 - INFO] service=UserService method=getCurrentUser responseTime=113 requestId=f49e0666a8f09566cb3ec5fe1be007d5 server=ads.google.com isFault=0 faultMessage=null
[Jun 17 2016 17:02:49.000000 - INFO] service=OrderService method=getOrdersByStatement responseTime=153 requestId=e5ad9208568e94fe7ae22e597de7b0e1 server=ads.google.com isFault=0 faultMessage=null
[Jun 17 2016 17:02:54.000000 - INFO] service=LineItemService method=getLineItemsByStatement responseTime=204 requestId=6b09ebf1a909ed8567ab2183c59b7e12 server=ads.google.com isFault=0 faultMessage=null
[Jun 17 2016 17:02:59.000000 - INFO] service=UserService method=getCurrentUser responseTime=94 requestId=36ba033e94a6c672e008243d3c100940 server=ads.google.com isFault=0 faultMessage=null
[Jun 17 2016 17:07:44.000000 - INFO] service=OrderService method=getOrdersByStatement responseTime=202 requestId=0c47ed5dc0b1f71444328b8525e99555 server=ads.google.com isFault=0 faultMessage=null
[Jun 17 2016 17:07:50.000000 - INFO] service=LineItemService method=getLineItemsByStatement responseTime=176 requestId=dc5dfe87be0b7ca01573190e4f23561a server=ads.google.com isFault=0 faultMessage=null
[Jun 17 2016 17:07:53.000000 - INFO] service=UserService method=getCurrentUser responseTime=83 requestId=948c1ae2d9b1fdd34821bd359df7c154 server=ads.google.com isFault=0 faultMessage=null
[Jun 17 2016 17:08:08.000000 - INFO] service=OrderService method=getOrdersByStatement responseTime=156 requestId=99b36c6da35125f7f8d720b6e2d32d05 server=ads.google.com isFault=0 faultMessage=null
[Jun 17 2016 17:08:11.000000 - INFO] service=LineItemService method=getLineItemsByStatement responseTime=192 requestId=1efa062010ae5ac6a82c1cff116a1dfe server=ads.google.com isFault=0 faultMessage=null
[Jun 17 2016 17:08:13.000000 - INFO] service=UserService method=getCurrentUser responseTime=101 requestId=d14b9b8140a152d8d2554a1a1fd5fd0e server=ads.google.com isFault=0 faultMessage=null
[Jun 17 2016 17:47:07.000000 - INFO] service=OrderService method=getOrdersByStatement responseTime=201 requestId=0558d5aef01a906ec03b6431a6fdc7de server=ads.google.com isFault=0 faultMessage=null
[Jun 17 2016 17:47:13.000000 - INFO] service=LineItemService method=getLineItemsByStatement responseTime=193 requestId=3206f508890a91fdfdc10fa49872e4b7 server=ads.google.com isFault=0 faultMessage=null
[Jun 17 2016 17:47:16.000000 - INFO] service=UserService method=getCurrentUser responseTime=92 requestId=99b797da269087bf92fbc568fe3efbac server=ads.google.com isFault=0 faultMessage=null
[Jun 17 2016 17:53:05.000000 - INFO] service=OrderService method=getOrdersByStatement responseTime=159 requestId=ae25e957e43c6d10e9ac9ded87a7ce04 server=ads.google.com isFault=0 faultMessage=null
[Jun 17 2016 17:53:09.000000 - INFO] service=LineItemService method=getLineItemsByStatement responseTime=203 requestId=fe27cef290273d4639fe0fc487cce36a server=ads.google.com isFault=0 faultMessage=null
[Jun 17 2016 17:53:12.000000 - INFO] service=UserService method=getCurrentUser responseTime=86 requestId=9dee7977564b4940671da9780c5ad174 server=ads.google.com isFault=0 faultMessage=null
[Jun 17 2016 17:54:25.000000 - INFO] service=OrderService method=getOrdersByStatement responseTime=181 requestId=46cc7a7e2d46fbe0ac509384e187a74e server=ads.google.com isFault=0 faultMessage=null
[Jun 17 2016 17:54:30.000000 - INFO] service=LineItemService method=getLineItemsByStatement responseTime=193 requestId=bf040237d4f6d5db77f0b0bdbba7b057 server=ads.google.com isFault=0 faultMessage=null
[Jun 17 2016 17:54:31.000000 - INFO] service=UserService method=getCurrentUser responseTime=90 requestId=487f29949e6de06bbdeb98af73527183 server=ads.google.com isFault=0 faultMessage=null
[Jun 17 2016 17:55:15.000000 - INFO] service=OrderService method=getOrdersByStatement responseTime=195 requestId=c69c1a5aef1002338711a462c9534333 server=ads.google.com isFault=0 faultMessage=null
[Jun 17 2016 17:55:19.000000 - INFO] service=LineItemService method=getLineItemsByStatement responseTime=186 requestId=c0e3bf724c788843bed2ea9bfce431d1 server=ads.google.com isFault=0 faultMessage=null
[Jun 17 2016 17:55:23.000000 - INFO] service=UserService method=getCurrentUser responseTime=90 requestId=2f817cd1c5649cd4aac4eb705b05c2c1 server=ads.google.com isFault=0 faultMessage=null
[Jun 17 2016 18:17:59.000000 - INFO] service=OrderService method=getOrdersByStatement responseTime=205 requestId=f34cfd686abf2a28f90b42ebd76484cd server=ads.google.com isFault=0 faultMessage=null
[Jun 17 2016 18:18:02.000000 - INFO] service=LineItemService method=getLineItemsByStatement responseTime=238 requestId=685701edaa648b108cbc94a9b9d06ea0 server=ads.google.com isFault=0 faultMessage=null
[Jun 17 2016 18:18:04.000000 - INFO] service=UserService method=getCurrentUser responseTime=85 requestId=0c13997f24b9d3285610ccf31ad42de0 server=ads.google.com isFault=0 faultMessage=null
[Jun 17 2016 18:18:15.000000 - INFO] service=OrderService method=getOrdersByStatement responseTime=146 requestId=1ce42a10382b0d6425d63632dc700ab1 server=ads.google.com isFault=0 faultMessage=null
[Jun 17 2016 18:18:21.000000 - INFO] service=LineItemService method=getLineItemsByStatement responseTime=191 requestId=a17fe34818ecd96e07cba6406c4211e5 server=ads.google.com isFault=0 faultMessage=null
[Jun 17 2016 18:18:23.000000 - INFO] service=UserService method=getCurrentUser responseTime=89 requestId=51aaf54b0fd295cbdb1def9b5953ade0 server=ads.google.com isFault=0 faultMessage=null
[Jun 17 2016 18:48:18.000000 - INFO] service=OrderService method=getOrdersByStatement responseTime=191 requestId=9a95decd0b17f7ffab3c70b56d09f48c server=ads.google.com isFault=0 faultMessage=null
[Jun 17 2016 18:48:22.000000 - INFO] service=LineItemService method=getLineItemsByStatement responseTime=214 requestId=af7b2131bd7ccc2f1ddb9f81f7d6a9f4 server=ads.google.com isFault=0 faultMessage=null
[Jun 17 2016 18:48:26.000000 - INFO] service=UserService method=getCurrentUser responseTime=94 requestId=a6eecfd64d9cd43b2ddcc3815ae9d271 server=ads.google.com isFault=0 faultMessage=null
[Jun 20 2016 09:44:32.000000 - INFO] service=OrderService method=getOrdersByStatement responseTime=211 requestId=7cb902f5b40598dc58fed45101dc9ebd server=ads.google.com isFault=0 faultMessage=null
[Jun 20 2016 09:44:36.000000 - INFO] service=LineItemService method=getLineItemsByStatement responseTime=235 requestId=e9f16fd81f6dcec04864f4c1537c145d server=ads.google.com isFault=0 faultMessage=null
[Jun 20 2016 09:44:39.000000 - INFO] service=UserService method=getCurrentUser responseTime=368 requestId=44513c3c0f4fe5bb74c68d0f79ca69df server=ads.google.com isFault=0 faultMessage=null
[Jun 20 2016 09:48:02.000000 - INFO] service=OrderService method=getOrdersByStatement responseTime=196 requestId=921f2c641ec92d5561be32717953a53f server=ads.google.com isFault=0 faultMessage=null
[Jun 20 2016 09:48:08.000000 - INFO] service=LineItemService method=getLineItemsByStatement responseTime=489 requestId=f603fb837c824d9d80c324e473931581 server=ads.google.com isFault=0 faultMessage=null
[Jun 20 2016 09:48:12.000000 - INFO] service=UserService method=getCurrentUser responseTime=101 requestId=19159c330fbfe2ec8b3f432ff2a47eaf server=ads.google.com isFault=0 faultMessage=null
[Jun 20 2016 09:48:33.000000 - INFO] service=OrderService method=getOrdersByStatement responseTime=496 requestId=655b7224dcc532c08276a4b7fe50c8f3 server=ads.google.com isFault=0 faultMessage=null
[Jun 20 2016 09:48:41.000000 - INFO] service=LineItemService method=getLineItemsByStatement responseTime=214 requestId=60ad187d07fbd47fe34f235abef2963e server=ads.google.com isFault=0 faultMessage=null
[Jun 20 2016 09:48:44.000000 - INFO] service=UserService method=getCurrentUser responseTime=105 requestId=32034aebed8db603a1c671ca6536d9a0 server=ads.google.com isFault=0 faultMessage=null
[Jun 20 2016 09:49:21.000000 - INFO] service=OrderService method=getOrdersByStatement responseTime=202 requestId=334fbd7b72d8114d986a06f1baa40ace server=ads.google.com isFault=0 faultMessage=null
[Jun 20 2016 09:49:28.000000 - INFO] service=LineItemService method=getLineItemsByStatement responseTime=294 requestId=bf10a428b701c6c82890f5146adebb05 server=ads.google.com isFault=0 faultMessage=null
[Jun 20 2016 09:49:33.000000 - INFO] service=UserService method=getCurrentUser responseTime=354 requestId=c2d940ff9d44546fe3f2c0f2d4f6d08a server=ads.google.com isFault=0 faultMessage=null
[Jun 20 2016 09:50:00.000000 - INFO] service=OrderService method=getOrdersByStatement responseTime=194 requestId=f45deb5cb3139269d7124960569f90f8 server=ads.google.com isFault=0 faultMessage=null
[Jun 20 2016 09:50:04.000000 - INFO] service=LineItemService method=getLineItemsByStatement responseTime=247 requestId=262cdc1ea8948a9b6ae95fceae30e2cc server=ads.google.com isFault=0 faultMessage=null
[Jun 20 2016 09:50:08.000000 - INFO] service=UserService method=getCurrentUser responseTime=95 requestId=a59237904ac7e182a39cfff093972997 server=ads.google.com isFault=0 faultMessage=null
[Jun 20 2016 09:51:17.000000 - INFO] service=OrderService method=getOrdersByStatement responseTime=168 requestId=a3ac01842bceffac8dcd74b3a3cde58e server=ads.google.com isFault=0 faultMessage=null
[Jun 20 2016 09:51:24.000000 - INFO] service=LineItemService method=getLineItemsByStatement responseTime=209 requestId=67821545ac4330ac46d2e5ebcd9ad0ae server=ads.google.com isFault=0 faultMessage=null
[Jun 20 2016 09:51:28.000000 - INFO] service=UserService method=getCurrentUser responseTime=101 requestId=81d9f035c970e1f5895646448b7b9119 server=ads.google.com isFault=0 faultMessage=null
[Jun 20 2016 10:03:10.000000 - INFO] service=OrderService method=getOrdersByStatement responseTime=492 requestId=9be0fca4077bdf732d6d2872bf30f320 server=ads.google.com isFault=0 faultMessage=null
[Jun 20 2016 10:03:15.000000 - INFO] service=LineItemService method=getLineItemsByStatement responseTime=238 requestId=750b5c818109a6df062eccd99e4c605e server=ads.google.com isFault=0 faultMessage=null
[Jun 20 2016 10:03:18.000000 - INFO] service=UserService method=getCurrentUser responseTime=94 requestId=1067bc77fa05ca75323b76f2b544e187 server=ads.google.com isFault=0 faultMessage=null
[Jun 20 2016 10:04:12.000000 - INFO] service=OrderService method=getOrdersByStatement responseTime=172 requestId=f1f530dfcf9b75f6c17e225164e71b02 server=ads.google.com isFault=0 faultMessage=null
[Jun 20 2016 10:04:17.000000 - INFO] service=LineItemService method=getLineItemsByStatement responseTime=217 requestId=04a5367e2d050e633c62fd84b9942b94 server=ads.google.com isFault=0 faultMessage=null
[Jun 20 2016 10:04:20.000000 - INFO] service=UserService method=getCurrentUser responseTime=96 requestId=eb0a92eccfd63cfaa2f6c74f174cc2dd server=ads.google.com isFault=0 faultMessage=null
[Jun 20 2016 10:23:49.000000 - INFO] service=OrderService method=getOrdersByStatement responseTime=192 requestId=36b2147e765abc2a36198024c68a6b8a server=ads.google.com isFault=0 faultMessage=null
[Jun 20 2016 10:23:53.000000 - INFO] service=LineItemService method=getLineItemsByStatement responseTime=200 requestId=8309be1168ae83e32b4b04cb83d57a46 server=ads.google.com isFault=0 faultMessage=null
[Jun 20 2016 10:23:55.000000 - INFO] service=UserService method=getCurrentUser responseTime=104 requestId=b930eced53294fcc9f20821821eb83a8 server=ads.google.com isFault=0 faultMessage=null
[Jun 20 2016 10:38:01.000000 - INFO] service=OrderService method=getOrdersByStatement responseTime=151 requestId=80d37468315ec208494368275d4b2456 server=ads.google.com isFault=0 faultMessage=null
[Jun 20 2016 10:38:03.000000 - INFO] service=LineItemService method=getLineItemsByStatement responseTime=251 requestId=5c41a6a64995ec9ceb79ea805b9de91c server=ads.google.com isFault=0 faultMessage=null
[Jun 20 2016 10:38:07.000000 - INFO] service=UserService method=getCurrentUser responseTime=126 requestId=892ba1c829d6bebbd8074d080cc4291e server=ads.google.com isFault=0 faultMessage=null
[Jun 20 2016 10:44:11.000000 - INFO] service=OrderService method=getOrdersByStatement responseTime=159 requestId=55c0fc20d753605b43ebbeabede45bf3 server=ads.google.com isFault=0 faultMessage=null
[Jun 20 2016 10:44:17.000000 - INFO] service=LineItemService method=getLineItemsByStatement responseTime=199 requestId=6156994d70b07844cf788cdc1a1d5ab5 server=ads.google.com isFault=0 faultMessage=null
[Jun 20 2016 10:45:38.000000 - INFO] service=OrderService method=getOrdersByStatement responseTime=280 requestId=a33cc525bad425f6bc2f3242daf96005 server=ads.google.com isFault=0 faultMessage=null
[Jun 20 2016 10:45:42.000000 - INFO] service=LineItemService method=getLineItemsByStatement responseTime=554 requestId=51facdc28a0465267fc9e5b0ace628e0 server=ads.google.com isFault=0 faultMessage=null
[Jun 20 2016 10:45:44.000000 - INFO] service=UserService method=getCurrentUser responseTime=94 requestId=930ff94a6c1ad5e4c32bc40caacd6c7d server=ads.google.com isFault=0 faultMessage=null
[Jun 20 2016 10:49:39.000000 - INFO] service=OrderService method=getOrdersByStatement responseTime=155 requestId=ba0a582c04a320ab4549639193324c26 server=ads.google.com isFault=0 faultMessage=null
[Jun 20 2016 10:49:43.000000 - INFO] service=LineItemService method=getLineItemsByStatement responseTime=209 requestId=6ec342d140bcb68bbd2657cec84b648c server=ads.google.com isFault=0 faultMessage=null
[Jun 20 2016 10:49:46.000000 - INFO] service=UserService method=getCurrentUser responseTime=94 requestId=04ad9058df4a2ff67ea36e9c21a3cdad server=ads.google.com isFault=0 faultMessage=null
[Jun 20 2016 10:52:55.000000 - INFO] service=OrderService method=getOrdersByStatement responseTime=141 requestId=9ff844be15bac9d823df1a8a5d9fe3d3 server=ads.google.com isFault=0 faultMessage=null
[Jun 20 2016 10:53:47.000000 - INFO] service=OrderService method=getOrdersByStatement responseTime=154 requestId=b8abda263239a8579081d233c4043c78 server=ads.google.com isFault=0 faultMessage=null
[Jun 20 2016 10:53:52.000000 - INFO] service=LineItemService method=getLineItemsByStatement responseTime=185 requestId=498ebff80623cd52d42bba9bace2f45b server=ads.google.com isFault=0 faultMessage=null
[Jun 20 2016 10:53:56.000000 - INFO] service=UserService method=getCurrentUser responseTime=97 requestId=c7bda5d36dfaf454839a0bf773548526 server=ads.google.com isFault=0 faultMessage=null
[Jun 20 2016 10:58:58.000000 - INFO] service=OrderService method=getOrdersByStatement responseTime=193 requestId=a1f14e66c290ac0afe4bb5ae44a9490f server=ads.google.com isFault=0 faultMessage=null
[Jun 20 2016 10:59:05.000000 - INFO] service=LineItemService method=getLineItemsByStatement responseTime=238 requestId=2179d488b75be26aa3ccbffc224fe150 server=ads.google.com isFault=0 faultMessage=null
[Jun 20 2016 10:59:09.000000 - INFO] service=UserService method=getCurrentUser responseTime=84 requestId=474bbff408a64e6a4db6f706560a6aa7 server=ads.google.com isFault=0 faultMessage=null
[Jun 20 2016 11:00:29.000000 - INFO] service=OrderService method=getOrdersByStatement responseTime=181 requestId=57c9e59fe9d1fe2fd613f7684660e40d server=ads.google.com isFault=0 faultMessage=null
[Jun 20 2016 11:00:39.000000 - INFO] service=LineItemService method=getLineItemsByStatement responseTime=231 requestId=7e8e3d6ccb970c6f70062527fbb4b33e server=ads.google.com isFault=0 faultMessage=null
[Jun 20 2016 11:00:44.000000 - INFO] service=UserService method=getCurrentUser responseTime=91 requestId=521e419608ab34ad7c66621a2e3b96a3 server=ads.google.com isFault=0 faultMessage=null
[Jun 20 2016 11:11:26.000000 - INFO] service=OrderService method=getOrdersByStatement responseTime=166 requestId=d59f4728f38454e622e1c866fde389ce server=ads.google.com isFault=0 faultMessage=null
[Jun 20 2016 11:11:31.000000 - INFO] service=LineItemService method=getLineItemsByStatement responseTime=176 requestId=f0adc73db434476422bc1c7139801bd1 server=ads.google.com isFault=0 faultMessage=null
[Jun 20 2016 11:11:33.000000 - INFO] service=UserService method=getCurrentUser responseTime=370 requestId=1def5eb23ca10889c9162891e9f65e32 server=ads.google.com isFault=0 faultMessage=null
[Jun 20 2016 11:49:10.000000 - INFO] service=OrderService method=getOrdersByStatement responseTime=181 requestId=bb9e0dc154f9a2edd0477f7ffcb51ad4 server=ads.google.com isFault=0 faultMessage=null
[Jun 20 2016 11:49:13.000000 - INFO] service=LineItemService method=getLineItemsByStatement responseTime=204 requestId=5a6a29c9d10fbcb5a3575d5fbc717eac server=ads.google.com isFault=0 faultMessage=null
[Jun 20 2016 11:49:17.000000 - INFO] service=UserService method=getCurrentUser responseTime=110 requestId=1f16bd6c2acceb8cba85b2a11d0e8951 server=ads.google.com isFault=0 faultMessage=null
[Jun 20 2016 11:49:34.000000 - INFO] service=OrderService method=getOrdersByStatement responseTime=197 requestId=2a2dcee6eba8f9da81b32cdc66d192a9 server=ads.google.com isFault=0 faultMessage=null
[Jun 20 2016 11:49:37.000000 - INFO] service=LineItemService method=getLineItemsByStatement responseTime=189 requestId=199355bb30c5bfdf9a2beee985f7e5ed server=ads.google.com isFault=0 faultMessage=null
[Jun 20 2016 11:49:40.000000 - INFO] service=UserService method=getCurrentUser responseTime=97 requestId=976412fbb662b62b49334d62eb5bde55 server=ads.google.com isFault=0 faultMessage=null
[Jun 20 2016 11:50:04.000000 - INFO] service=OrderService method=getOrdersByStatement responseTime=182 requestId=ba30dcda52fe17843b3cb6f00af66263 server=ads.google.com isFault=0 faultMessage=null
[Jun 20 2016 11:50:11.000000 - INFO] service=LineItemService method=getLineItemsByStatement responseTime=186 requestId=0f33302e811110e71e7a3b535536b2cb server=ads.google.com isFault=0 faultMessage=null
[Jun 20 2016 11:50:20.000000 - INFO] service=UserService method=getCurrentUser responseTime=96 requestId=d09a6eb6ba9485267812cac676634281 server=ads.google.com isFault=0 faultMessage=null
[Jun 20 2016 11:52:24.000000 - INFO] service=OrderService method=getOrdersByStatement responseTime=155 requestId=f1da739185244c9bdfd83570416c9737 server=ads.google.com isFault=0 faultMessage=null
[Jun 20 2016 11:52:57.000000 - INFO] service=LineItemService method=getLineItemsByStatement responseTime=181 requestId=87c4ccb27f6058cd484ee2100d64b3a7 server=ads.google.com isFault=0 faultMessage=null
[Jun 20 2016 11:53:01.000000 - INFO] service=UserService method=getCurrentUser responseTime=98 requestId=fe9ef9bd76ccb71f3ddd2b575daa6a00 server=ads.google.com isFault=0 faultMessage=null
[Jun 20 2016 11:54:02.000000 - INFO] service=OrderService method=getOrdersByStatement responseTime=187 requestId=41a78445fa5783c5f29451486609ba2c server=ads.google.com isFault=0 faultMessage=null
[Jun 20 2016 11:54:05.000000 - INFO] service=LineItemService method=getLineItemsByStatement responseTime=243 requestId=132c879371920f0bd8a68474330b5ec3 server=ads.google.com isFault=0 faultMessage=null
[Jun 20 2016 11:54:07.000000 - INFO] service=UserService method=getCurrentUser responseTime=109 requestId=7d45406c33b4d92984643cfd19a5fdc8 server=ads.google.com isFault=0 faultMessage=null
[Jun 20 2016 15:20:09.000000 - INFO] service=OrderService method=getOrdersByStatement responseTime=308 requestId=ebc3ba3303108d4111ec42e6c7fd06f3 server=ads.google.com isFault=0 faultMessage=null
[Jun 20 2016 15:20:17.000000 - INFO] service=LineItemService method=getLineItemsByStatement responseTime=246 requestId=b6a32b7844713ba8f491ba6070759892 server=ads.google.com isFault=0 faultMessage=null
[Jun 20 2016 15:20:19.000000 - INFO] service=UserService method=getCurrentUser responseTime=103 requestId=245688b69560c99baf795f176032ed2a server=ads.google.com isFault=0 faultMessage=null
[Jun 20 2016 15:32:33.000000 - INFO] service=OrderService method=getOrdersByStatement responseTime=231 requestId=5fb26706d6aa8a1a928719b3da8d77fe server=ads.google.com isFault=0 faultMessage=null
[Jun 20 2016 15:32:36.000000 - INFO] service=LineItemService method=getLineItemsByStatement responseTime=565 requestId=2c3beb9f6c2c52fdef4fb642476972a0 server=ads.google.com isFault=0 faultMessage=null
[Jun 20 2016 15:32:53.000000 - INFO] service=OrderService method=getOrdersByStatement responseTime=259 requestId=e8fbb9d82d366f640f8054929da3ed7e server=ads.google.com isFault=0 faultMessage=null
[Jun 20 2016 15:32:56.000000 - INFO] service=LineItemService method=getLineItemsByStatement responseTime=385 requestId=93ce06da3c3e745732404e0c7c1a83ba server=ads.google.com isFault=0 faultMessage=null
[Jun 20 2016 15:33:10.000000 - INFO] service=OrderService method=getOrdersByStatement responseTime=505 requestId=2eacbb328411985bc4d5b69dac21341e server=ads.google.com isFault=0 faultMessage=null
[Jun 20 2016 15:33:15.000000 - INFO] service=LineItemService method=getLineItemsByStatement responseTime=419 requestId=8045d14061fb907589867260ccc3e153 server=ads.google.com isFault=0 faultMessage=null
[Jun 20 2016 15:33:18.000000 - INFO] service=UserService method=getCurrentUser responseTime=104 requestId=e3c8d8fafa22f005bb1b2fde291a4864 server=ads.google.com isFault=0 faultMessage=null
[Jun 20 2016 15:38:07.000000 - INFO] service=OrderService method=getOrdersByStatement responseTime=345 requestId=e469ac88d2f59c82317d77e58e73454a server=ads.google.com isFault=0 faultMessage=null
[Jun 20 2016 15:38:16.000000 - INFO] service=LineItemService method=getLineItemsByStatement responseTime=727 requestId=92212a081869aa47d42e8ddf3c94bc5c server=ads.google.com isFault=0 faultMessage=null
[Jun 20 2016 15:38:19.000000 - INFO] service=UserService method=getCurrentUser responseTime=366 requestId=56977ff5cf0e27cebae1b4addec89f7b server=ads.google.com isFault=0 faultMessage=null
[Jun 20 2016 15:40:36.000000 - INFO] service=OrderService method=getOrdersByStatement responseTime=228 requestId=0becf2deb065c50d0169a358fe089a55 server=ads.google.com isFault=0 faultMessage=null
[Jun 20 2016 15:40:40.000000 - INFO] service=LineItemService method=getLineItemsByStatement responseTime=409 requestId=4e02116328a5e5eb636fc85af6dcfb8b server=ads.google.com isFault=0 faultMessage=null
[Jun 20 2016 15:40:42.000000 - INFO] service=UserService method=getCurrentUser responseTime=88 requestId=671b2a9fee2a805fa5ec42fc02c3554e server=ads.google.com isFault=0 faultMessage=null
[Jun 20 2016 15:46:52.000000 - INFO] service=OrderService method=getOrdersByStatement responseTime=195 requestId=427ffe1314bb1c16efe6aeea72dc1dbe server=ads.google.com isFault=0 faultMessage=null
[Jun 20 2016 15:46:57.000000 - INFO] service=LineItemService method=getLineItemsByStatement responseTime=102 requestId=98570633424091b5b936a47e324be8f7 server=ads.google.com isFault=0 faultMessage=null
[Jun 20 2016 15:47:00.000000 - INFO] service=UserService method=getCurrentUser responseTime=102 requestId=5cb8470821815f87278b40c5c67eae01 server=ads.google.com isFault=0 faultMessage=null
[Jun 20 2016 15:47:13.000000 - INFO] service=OrderService method=getOrdersByStatement responseTime=179 requestId=07e30547ece90104ff12358f0c4d0f10 server=ads.google.com isFault=0 faultMessage=null
[Jun 20 2016 15:47:18.000000 - INFO] service=LineItemService method=getLineItemsByStatement responseTime=304 requestId=ca2e0e79097f61c4fccc7e9fdad919e0 server=ads.google.com isFault=0 faultMessage=null
[Jun 20 2016 15:47:21.000000 - INFO] service=UserService method=getCurrentUser responseTime=96 requestId=a22219fa3b464fc4d344c98821066bf7 server=ads.google.com isFault=0 faultMessage=null
[Jun 20 2016 15:50:15.000000 - INFO] service=OrderService method=getOrdersByStatement responseTime=277 requestId=0f8daa7aa010bbac192a8aa669e9772e server=ads.google.com isFault=0 faultMessage=null
[Jun 20 2016 15:50:19.000000 - INFO] service=LineItemService method=getLineItemsByStatement responseTime=193 requestId=d20de3f868448bd3e688be82712ba4a5 server=ads.google.com isFault=0 faultMessage=null
[Jun 20 2016 15:50:22.000000 - INFO] service=UserService method=getCurrentUser responseTime=98 requestId=d52998a901a0c6858169ebb396ce2fa1 server=ads.google.com isFault=0 faultMessage=null
[Jun 20 2016 16:01:00.000000 - INFO] service=OrderService method=getOrdersByStatement responseTime=154 requestId=38f014288963a2bcb33b862add923824 server=ads.google.com isFault=0 faultMessage=null
[Jun 20 2016 16:01:03.000000 - INFO] service=LineItemService method=getLineItemsByStatement responseTime=120 requestId=94074185fc81eccf2b2e1880883e02b8 server=ads.google.com isFault=0 faultMessage=null
[Jun 20 2016 16:01:06.000000 - INFO] service=UserService method=getCurrentUser responseTime=598 requestId=ce5f0f483e478902c805aabac55c3537 server=ads.google.com isFault=0 faultMessage=null
[Jun 20 2016 16:01:22.000000 - INFO] service=OrderService method=getOrdersByStatement responseTime=144 requestId=dafc02253c28490732a3468ee3ecd9ca server=ads.google.com isFault=0 faultMessage=null
[Jun 20 2016 16:01:27.000000 - INFO] service=LineItemService method=getLineItemsByStatement responseTime=190 requestId=beee8130a51debb517360771910668bc server=ads.google.com isFault=0 faultMessage=null
[Jun 20 2016 16:01:28.000000 - INFO] service=OrderService method=getOrdersByStatement responseTime=148 requestId=40e8a788b2a5941b5305e128463c28d2 server=ads.google.com isFault=0 faultMessage=null
[Jun 20 2016 16:01:30.000000 - INFO] service=UserService method=getCurrentUser responseTime=92 requestId=41f6d45c0ec7f7951fe020f818cf6e4e server=ads.google.com isFault=0 faultMessage=null
[Jun 20 2016 16:01:33.000000 - INFO] service=LineItemService method=getLineItemsByStatement responseTime=190 requestId=d4f3b5d95d0efc170cf9f0797d820754 server=ads.google.com isFault=0 faultMessage=null
[Jun 20 2016 16:01:37.000000 - INFO] service=UserService method=getCurrentUser responseTime=412 requestId=b172aeb0ed8c3539613fa2ae4bc4c213 server=ads.google.com isFault=0 faultMessage=null
[Jun 20 2016 16:02:46.000000 - INFO] service=OrderService method=getOrdersByStatement responseTime=138 requestId=ceb82f80f5350299da72551cbb5cec8b server=ads.google.com isFault=0 faultMessage=null
[Jun 20 2016 16:02:49.000000 - INFO] service=LineItemService method=getLineItemsByStatement responseTime=111 requestId=a87184a157234bedb99655b75d56d504 server=ads.google.com isFault=0 faultMessage=null
[Jun 20 2016 16:02:53.000000 - INFO] service=UserService method=getCurrentUser responseTime=100 requestId=d503503ae5f01f189d6b7524fa8c3d56 server=ads.google.com isFault=0 faultMessage=null
[Jun 20 2016 16:03:16.000000 - INFO] service=OrderService method=getOrdersByStatement responseTime=145 requestId=3a746e0b77fb46918f125c5aa10226d7 server=ads.google.com isFault=0 faultMessage=null
[Jun 20 2016 16:03:19.000000 - INFO] service=LineItemService method=getLineItemsByStatement responseTime=304 requestId=c8a2df98c5b2fc7b9ce345fe4967a24d server=ads.google.com isFault=0 faultMessage=null
[Jun 20 2016 16:03:22.000000 - INFO] service=UserService method=getCurrentUser responseTime=89 requestId=b7ef39c5b9c23595d9a4adeddd4af5ce server=ads.google.com isFault=0 faultMessage=null
[Jun 20 2016 16:03:38.000000 - INFO] service=OrderService method=getOrdersByStatement responseTime=153 requestId=4845b0997a47611bdd835f1a5a544a9a server=ads.google.com isFault=0 faultMessage=null
[Jun 20 2016 16:03:42.000000 - INFO] service=LineItemService method=getLineItemsByStatement responseTime=172 requestId=097f8456eab58c73de139820cef8d4b6 server=ads.google.com isFault=0 faultMessage=null
[Jun 20 2016 16:03:45.000000 - INFO] service=UserService method=getCurrentUser responseTime=87 requestId=e3b780b86c3636cfb4df4b890724c3bf server=ads.google.com isFault=0 faultMessage=null
[Jun 20 2016 16:06:04.000000 - INFO] service=OrderService method=getOrdersByStatement responseTime=183 requestId=8e9e2b6187a5621e32f4d7f7e6fdb011 server=ads.google.com isFault=0 faultMessage=null
[Jun 20 2016 16:06:05.000000 - INFO] service=OrderService method=getOrdersByStatement responseTime=148 requestId=b8c9345f7a02411d58ada5bbb8ca0c6f server=ads.google.com isFault=0 faultMessage=null
[Jun 20 2016 16:06:08.000000 - INFO] service=LineItemService method=getLineItemsByStatement responseTime=115 requestId=f82bed3f271ae95898efdba4ae315f04 server=ads.google.com isFault=0 faultMessage=null
[Jun 20 2016 16:06:10.000000 - INFO] service=UserService method=getCurrentUser responseTime=106 requestId=39c195b5dc54eb1dee5e0bd57fdbb04e server=ads.google.com isFault=0 faultMessage=null
[Jun 20 2016 16:06:10.000000 - INFO] service=LineItemService method=getLineItemsByStatement responseTime=180 requestId=ac9f8da9a1444ccb40c1469738ec2a11 server=ads.google.com isFault=0 faultMessage=null
[Jun 20 2016 16:06:14.000000 - INFO] service=UserService method=getCurrentUser responseTime=103 requestId=757b629e6f1091ac26f2ebd547c6bef7 server=ads.google.com isFault=0 faultMessage=null
[Jun 20 2016 16:11:36.000000 - INFO] service=OrderService method=getOrdersByStatement responseTime=169 requestId=9a78214138137573f11c9de5fc6abbdd server=ads.google.com isFault=0 faultMessage=null
[Jun 20 2016 16:11:41.000000 - INFO] service=OrderService method=getOrdersByStatement responseTime=150 requestId=6caea657aab0faa0b71280b268da0a74 server=ads.google.com isFault=0 faultMessage=null
[Jun 20 2016 16:11:42.000000 - INFO] service=LineItemService method=getLineItemsByStatement responseTime=227 requestId=6e917a355f0e89827b06ea0495c6d0ab server=ads.google.com isFault=0 faultMessage=null
[Jun 20 2016 16:11:46.000000 - INFO] service=UserService method=getCurrentUser responseTime=97 requestId=1c8109c68ceb2cd879eb8acf6a749a59 server=ads.google.com isFault=0 faultMessage=null
[Jun 20 2016 16:11:47.000000 - INFO] service=LineItemService method=getLineItemsByStatement responseTime=169 requestId=bf721f6e3069946dd74017924d476bef server=ads.google.com isFault=0 faultMessage=null
[Jun 20 2016 16:11:51.000000 - INFO] service=UserService method=getCurrentUser responseTime=86 requestId=8e9003b8a266d8b85a40e20153d58915 server=ads.google.com isFault=0 faultMessage=null
[Jun 20 2016 16:14:11.000000 - INFO] service=OrderService method=getOrdersByStatement responseTime=171 requestId=427258137e27690273b86057cc846527 server=ads.google.com isFault=0 faultMessage=null
[Jun 20 2016 16:14:15.000000 - INFO] service=OrderService method=getOrdersByStatement responseTime=293 requestId=6b7ef597ee7b5e895dbabf409b76f149 server=ads.google.com isFault=0 faultMessage=null
[Jun 20 2016 16:14:16.000000 - INFO] service=LineItemService method=getLineItemsByStatement responseTime=206 requestId=7e6932e356af2e5f4de75d0dcd0ccbbd server=ads.google.com isFault=0 faultMessage=null
[Jun 20 2016 16:14:20.000000 - INFO] service=UserService method=getCurrentUser responseTime=99 requestId=a919c50c8b042252a54c22521a14753a server=ads.google.com isFault=0 faultMessage=null
[Jun 20 2016 16:14:20.000000 - INFO] service=LineItemService method=getLineItemsByStatement responseTime=302 requestId=84b62db31baa07ad8a9f6ea6309b1e3b server=ads.google.com isFault=0 faultMessage=null
[Jun 20 2016 16:14:23.000000 - INFO] service=UserService method=getCurrentUser responseTime=89 requestId=87520127ebc4b3e167aa9447719d3d90 server=ads.google.com isFault=0 faultMessage=null
[Jun 20 2016 16:15:14.000000 - INFO] service=OrderService method=getOrdersByStatement responseTime=184 requestId=d69d1a38b37484cd7f6e2b6c8d5866c5 server=ads.google.com isFault=0 faultMessage=null
[Jun 20 2016 16:15:19.000000 - INFO] service=OrderService method=getOrdersByStatement responseTime=158 requestId=dfd028efb36579554f7645bcd54b5876 server=ads.google.com isFault=0 faultMessage=null
[Jun 20 2016 16:15:19.000000 - INFO] service=LineItemService method=getLineItemsByStatement responseTime=186 requestId=7f8f2cf2fbdcc4d44414270252b3218c server=ads.google.com isFault=0 faultMessage=null
[Jun 20 2016 16:15:23.000000 - INFO] service=LineItemService method=getLineItemsByStatement responseTime=229 requestId=a7b3e38341f0d767a07253b1212c0bf1 server=ads.google.com isFault=0 faultMessage=null
[Jun 20 2016 16:15:24.000000 - INFO] service=UserService method=getCurrentUser responseTime=92 requestId=71753e4911eb9a2b6ec98dd720b30744 server=ads.google.com isFault=0 faultMessage=null
[Jun 20 2016 16:15:25.000000 - INFO] service=UserService method=getCurrentUser responseTime=97 requestId=790cd6b144951d128b7803ddca1813f1 server=ads.google.com isFault=0 faultMessage=null
[Jun 20 2016 16:23:25.000000 - INFO] service=OrderService method=getOrdersByStatement responseTime=177 requestId=e671879f8cdc0e255b0a8019765fa61e server=ads.google.com isFault=0 faultMessage=null
[Jun 20 2016 16:23:27.000000 - INFO] service=OrderService method=getOrdersByStatement responseTime=125 requestId=40ce2096dd1bdc273cc2945a06fb1917 server=ads.google.com isFault=0 faultMessage=null
[Jun 20 2016 16:23:28.000000 - INFO] service=LineItemService method=getLineItemsByStatement responseTime=190 requestId=614db39fab5d8e699e59f0ef76862212 server=ads.google.com isFault=0 faultMessage=null
[Jun 20 2016 16:23:30.000000 - INFO] service=UserService method=getCurrentUser responseTime=88 requestId=e0cc7951b4709a1f39fc0a0dcaa76de0 server=ads.google.com isFault=0 faultMessage=null
[Jun 20 2016 16:23:32.000000 - INFO] service=UserService method=getCurrentUser responseTime=98 requestId=30a19d02d04a230a82ed64aa7237be2f server=ads.google.com isFault=0 faultMessage=null
[Jun 20 2016 16:27:48.000000 - INFO] service=OrderService method=getOrdersByStatement responseTime=172 requestId=5c58686022ac2364a1594efd5b2ee7fe server=ads.google.com isFault=0 faultMessage=null
[Jun 20 2016 16:27:48.000000 - INFO] service=OrderService method=getOrdersByStatement responseTime=138 requestId=a63366b2b249748c9dbb91bfa6a3788e server=ads.google.com isFault=0 faultMessage=null
[Jun 20 2016 16:27:51.000000 - INFO] service=LineItemService method=getLineItemsByStatement responseTime=162 requestId=fc419a1609a30a43e788250a63eecbbf server=ads.google.com isFault=0 faultMessage=null
[Jun 20 2016 16:27:52.000000 - INFO] service=LineItemService method=getLineItemsByStatement responseTime=231 requestId=0c94af12df9bca5bfd873a2317648e64 server=ads.google.com isFault=0 faultMessage=null
[Jun 20 2016 16:27:54.000000 - INFO] service=UserService method=getCurrentUser responseTime=97 requestId=d8404078fd81ebbd1f7ef295bb2c8a96 server=ads.google.com isFault=0 faultMessage=null
[Jun 20 2016 16:27:54.000000 - INFO] service=UserService method=getCurrentUser responseTime=95 requestId=3db85a2c76e9e81f11a5d05ff45a5ae7 server=ads.google.com isFault=0 faultMessage=null
[Jun 20 2016 16:28:10.000000 - INFO] service=OrderService method=getOrdersByStatement responseTime=168 requestId=826017ba0be6595d347206ec07ab5669 server=ads.google.com isFault=0 faultMessage=null
[Jun 20 2016 16:28:14.000000 - INFO] service=LineItemService method=getLineItemsByStatement responseTime=210 requestId=8f19c1d947e2aacb242bf9f5be2b3ec5 server=ads.google.com isFault=0 faultMessage=null
[Jun 20 2016 16:28:18.000000 - INFO] service=UserService method=getCurrentUser responseTime=84 requestId=c5fb27445b2907ef8b51e8dfadf0e1ce server=ads.google.com isFault=0 faultMessage=null
[Jun 20 2016 16:29:07.000000 - INFO] service=OrderService method=getOrdersByStatement responseTime=143 requestId=f9b4de8817982360f9c12f11909c787f server=ads.google.com isFault=0 faultMessage=null
[Jun 20 2016 16:29:12.000000 - INFO] service=LineItemService method=getLineItemsByStatement responseTime=225 requestId=2361f55fee23a574f1c9dadd922ee105 server=ads.google.com isFault=0 faultMessage=null
[Jun 20 2016 16:29:14.000000 - INFO] service=UserService method=getCurrentUser responseTime=97 requestId=4a319997b8dc557f54277cfeb99231ed server=ads.google.com isFault=0 faultMessage=null
[Jun 20 2016 16:29:52.000000 - INFO] service=OrderService method=getOrdersByStatement responseTime=254 requestId=7bf5a3870c94af2a5d1c164234e438d4 server=ads.google.com isFault=0 faultMessage=null
[Jun 20 2016 16:29:57.000000 - INFO] service=LineItemService method=getLineItemsByStatement responseTime=180 requestId=d393847d89a893d47dc6076c86743b49 server=ads.google.com isFault=0 faultMessage=null
[Jun 20 2016 16:30:00.000000 - INFO] service=UserService method=getCurrentUser responseTime=103 requestId=19a018b66ccaed4ae5e318b7438893d8 server=ads.google.com isFault=0 faultMessage=null
[Jun 20 2016 16:30:41.000000 - INFO] service=OrderService method=getOrdersByStatement responseTime=138 requestId=7d169d1e67e510ef85df10228fab813b server=ads.google.com isFault=0 faultMessage=null
[Jun 20 2016 16:30:42.000000 - INFO] service=OrderService method=getOrdersByStatement responseTime=170 requestId=29b604a545eb4d62cf1b874c27ab1609 server=ads.google.com isFault=0 faultMessage=null
[Jun 20 2016 16:30:46.000000 - INFO] service=LineItemService method=getLineItemsByStatement responseTime=210 requestId=3ee16610a37b476f26b0f1d038f400b9 server=ads.google.com isFault=0 faultMessage=null
[Jun 20 2016 16:30:46.000000 - INFO] service=LineItemService method=getLineItemsByStatement responseTime=142 requestId=9168e805f4650716e4dc9dc4afa88684 server=ads.google.com isFault=0 faultMessage=null
[Jun 20 2016 16:30:49.000000 - INFO] service=UserService method=getCurrentUser responseTime=223 requestId=846cbcdb723cd8b087ad77cd83bd5a85 server=ads.google.com isFault=0 faultMessage=null
[Jun 20 2016 16:30:50.000000 - INFO] service=UserService method=getCurrentUser responseTime=86 requestId=edc1773554a9e5fb6f447fc969ec7401 server=ads.google.com isFault=0 faultMessage=null
[Jun 20 2016 16:37:28.000000 - INFO] service=OrderService method=getOrdersByStatement responseTime=171 requestId=b8268edcedf6bf64fdd5a05a2453679d server=ads.google.com isFault=0 faultMessage=null
[Jun 20 2016 16:37:28.000000 - INFO] service=OrderService method=getOrdersByStatement responseTime=229 requestId=8738ad88bff3841fcd39f349369d9923 server=ads.google.com isFault=0 faultMessage=null
[Jun 20 2016 16:37:32.000000 - INFO] service=LineItemService method=getLineItemsByStatement responseTime=373 requestId=741be6be1d64130dc4a5dc8685a2bec2 server=ads.google.com isFault=0 faultMessage=null
[Jun 20 2016 16:37:34.000000 - INFO] service=LineItemService method=getLineItemsByStatement responseTime=237 requestId=730ab8a00e577bbfc9e0d756f6636ed4 server=ads.google.com isFault=0 faultMessage=null
[Jun 20 2016 16:37:36.000000 - INFO] service=UserService method=getCurrentUser responseTime=1754 requestId=654d0c5b21c05f1e64e4104469d2f5ef server=ads.google.com isFault=0 faultMessage=null
[Jun 20 2016 16:37:37.000000 - INFO] service=UserService method=getCurrentUser responseTime=137 requestId=bf65caf551dccb3c9ead56c8b2504313 server=ads.google.com isFault=0 faultMessage=null
[Jun 20 2016 16:39:28.000000 - INFO] service=OrderService method=getOrdersByStatement responseTime=117 requestId=c6dee207992c8f8272999098cada7284 server=ads.google.com isFault=0 faultMessage=null
[Jun 20 2016 16:39:28.000000 - INFO] service=OrderService method=getOrdersByStatement responseTime=220 requestId=609b1f9263f28a17228ab0bd758954ea server=ads.google.com isFault=0 faultMessage=null
[Jun 20 2016 16:39:30.000000 - INFO] service=UserService method=getCurrentUser responseTime=248 requestId=b1279bb26d9a342b9723ece76eb7da63 server=ads.google.com isFault=0 faultMessage=null
[Jun 20 2016 16:39:32.000000 - INFO] service=UserService method=getCurrentUser responseTime=94 requestId=2643384bc80a01fbc25ae419021a8e35 server=ads.google.com isFault=0 faultMessage=null
[Jun 20 2016 16:39:51.000000 - INFO] service=OrderService method=getOrdersByStatement responseTime=117 requestId=255013f9c0af5e76794e05b7d9d06c17 server=ads.google.com isFault=0 faultMessage=null
[Jun 20 2016 16:39:53.000000 - INFO] service=UserService method=getCurrentUser responseTime=85 requestId=d7bd3784e484bef5715365ecaf6e906d server=ads.google.com isFault=0 faultMessage=null
[Jun 20 2016 16:40:39.000000 - INFO] service=OrderService method=getOrdersByStatement responseTime=108 requestId=c5f6887209cc989b56e1e6854289b3c7 server=ads.google.com isFault=0 faultMessage=null
[Jun 20 2016 16:40:42.000000 - INFO] service=UserService method=getCurrentUser responseTime=85 requestId=c44b6d1b67e81c40559e8f743b84f9f3 server=ads.google.com isFault=0 faultMessage=null
[Jun 20 2016 16:41:38.000000 - INFO] service=OrderService method=getOrdersByStatement responseTime=147 requestId=e2fce65902b187cf7afdaa4e855ee7dc server=ads.google.com isFault=0 faultMessage=null
[Jun 20 2016 16:41:42.000000 - INFO] service=LineItemService method=getLineItemsByStatement responseTime=161 requestId=66dab9d0ca2e69de143cde95b69e7a5f server=ads.google.com isFault=0 faultMessage=null
[Jun 20 2016 16:41:44.000000 - INFO] service=UserService method=getCurrentUser responseTime=84 requestId=a00bd4b004a935f72d39e5521638676c server=ads.google.com isFault=0 faultMessage=null
[Jun 20 2016 16:43:02.000000 - INFO] service=OrderService method=getOrdersByStatement responseTime=226 requestId=60d5f4a4fc3aac98c3f02a65e95bd716 server=ads.google.com isFault=0 faultMessage=null
[Jun 20 2016 16:43:06.000000 - INFO] service=LineItemService method=getLineItemsByStatement responseTime=187 requestId=44d3ccfa171b5c293b75454f2d5ef161 server=ads.google.com isFault=0 faultMessage=null
[Jun 20 2016 16:43:07.000000 - INFO] service=UserService method=getCurrentUser responseTime=95 requestId=21aabd29f1910643c3b011e2f9be4ff6 server=ads.google.com isFault=0 faultMessage=null
[Jun 20 2016 16:47:01.000000 - INFO] service=OrderService method=getOrdersByStatement responseTime=175 requestId=3cff8c63eb81bba0c1f4baad867e3f2d server=ads.google.com isFault=0 faultMessage=null
[Jun 20 2016 16:47:05.000000 - INFO] service=LineItemService method=getLineItemsByStatement responseTime=156 requestId=47f125b00c19fbfebfa1f7d0ad6243b7 server=ads.google.com isFault=0 faultMessage=null
[Jun 20 2016 16:47:06.000000 - INFO] service=UserService method=getCurrentUser responseTime=88 requestId=529cba8aa25a60d199e8d79615aaa6f9 server=ads.google.com isFault=0 faultMessage=null
[Jun 20 2016 16:47:06.000000 - INFO] service=OrderService method=getOrdersByStatement responseTime=149 requestId=59be65b59e79fa5d699195a0cd556c39 server=ads.google.com isFault=0 faultMessage=null
[Jun 20 2016 16:47:10.000000 - INFO] service=LineItemService method=getLineItemsByStatement responseTime=191 requestId=9ebae1ada2cee41a575d699d70163e4c server=ads.google.com isFault=0 faultMessage=null
[Jun 20 2016 16:47:17.000000 - INFO] service=UserService method=getCurrentUser responseTime=5956 requestId=df37e416f823698a5ee6ca90afd0625c server=ads.google.com isFault=0 faultMessage=null
[Jun 20 2016 16:48:45.000000 - INFO] service=OrderService method=getOrdersByStatement responseTime=149 requestId=d004dc3db8917c94013f88b3766843dd server=ads.google.com isFault=0 faultMessage=null
[Jun 20 2016 16:48:48.000000 - INFO] service=LineItemService method=getLineItemsByStatement responseTime=298 requestId=d231da4c73a1b538ed2f7cf2f0c9bdd2 server=ads.google.com isFault=0 faultMessage=null
[Jun 20 2016 16:48:51.000000 - INFO] service=UserService method=getCurrentUser responseTime=114 requestId=6af8e1c563ac7d2944a806aced9911a4 server=ads.google.com isFault=0 faultMessage=null
[Jun 20 2016 16:49:13.000000 - INFO] service=OrderService method=getOrdersByStatement responseTime=160 requestId=571f7cc707aa3b9a9468ccda2eef065b server=ads.google.com isFault=0 faultMessage=null
[Jun 20 2016 16:49:19.000000 - INFO] service=LineItemService method=getLineItemsByStatement responseTime=213 requestId=ffc9ac387f30fe00e0a90aceee20ff44 server=ads.google.com isFault=0 faultMessage=null
[Jun 20 2016 16:49:23.000000 - INFO] service=UserService method=getCurrentUser responseTime=106 requestId=7a1775e0f73ba92d2fbcc2f0e835f7b6 server=ads.google.com isFault=0 faultMessage=null
[Jun 20 2016 16:50:32.000000 - INFO] service=OrderService method=getOrdersByStatement responseTime=167 requestId=7c9689fbd0fe8ee35217a5cee41b38b7 server=ads.google.com isFault=0 faultMessage=null
[Jun 20 2016 16:50:36.000000 - INFO] service=LineItemService method=getLineItemsByStatement responseTime=175 requestId=f33fae9b4bbc61fee969738e9f74ebb6 server=ads.google.com isFault=0 faultMessage=null
[Jun 20 2016 16:50:38.000000 - INFO] service=LineItemService method=getLineItemsByStatement responseTime=205 requestId=4819839e2fcd0a27951604637b6fe3ae server=ads.google.com isFault=0 faultMessage=null
[Jun 20 2016 16:50:40.000000 - INFO] service=UserService method=getCurrentUser responseTime=105 requestId=ba1d70e3d44c7899d9b648b9bd1b1987 server=ads.google.com isFault=0 faultMessage=null
[Jun 20 2016 16:51:23.000000 - INFO] service=OrderService method=getOrdersByStatement responseTime=161 requestId=d0233fa2bcd3727155a2db1794bafd06 server=ads.google.com isFault=0 faultMessage=null
[Jun 20 2016 16:51:26.000000 - INFO] service=LineItemService method=getLineItemsByStatement responseTime=171 requestId=8e2483a896713925274a0542026c4175 server=ads.google.com isFault=0 faultMessage=null
[Jun 20 2016 16:51:27.000000 - INFO] service=LineItemService method=getLineItemsByStatement responseTime=184 requestId=314043fcca4dd0af157d615c2f8b5299 server=ads.google.com isFault=0 faultMessage=null
[Jun 20 2016 16:51:30.000000 - INFO] service=UserService method=getCurrentUser responseTime=99 requestId=1b3b3022f769fd210e6812a74d5df1b0 server=ads.google.com isFault=0 faultMessage=null
[Jun 20 2016 16:57:08.000000 - INFO] service=OrderService method=getOrdersByStatement responseTime=158 requestId=b9afb13eb601ca3c9a58feee6e7be7b1 server=ads.google.com isFault=0 faultMessage=null
[Jun 20 2016 16:57:13.000000 - INFO] service=LineItemService method=getLineItemsByStatement responseTime=178 requestId=0241a4cd305ec96a8d1a72e89d46646e server=ads.google.com isFault=0 faultMessage=null
[Jun 20 2016 16:57:16.000000 - INFO] service=UserService method=getCurrentUser responseTime=83 requestId=48b21445ef7e0c5aabc0e47c8fbb67e5 server=ads.google.com isFault=0 faultMessage=null
[Jun 20 2016 16:58:58.000000 - INFO] service=OrderService method=getOrdersByStatement responseTime=155 requestId=1b07a23696ec15aaab0ee3736ea57dfb server=ads.google.com isFault=0 faultMessage=null
[Jun 20 2016 16:59:03.000000 - INFO] service=LineItemService method=getLineItemsByStatement responseTime=232 requestId=a1305375b7141f89ba21b98258d2060c server=ads.google.com isFault=0 faultMessage=null
[Jun 20 2016 16:59:07.000000 - INFO] service=UserService method=getCurrentUser responseTime=96 requestId=dae73fb60f551c993205d43390c5c3c1 server=ads.google.com isFault=0 faultMessage=null
[Jun 20 2016 17:00:03.000000 - INFO] service=OrderService method=getOrdersByStatement responseTime=182 requestId=9c5e61632e1c61e27215edb03e0ec8b4 server=ads.google.com isFault=0 faultMessage=null
[Jun 20 2016 17:00:10.000000 - INFO] service=LineItemService method=getLineItemsByStatement responseTime=189 requestId=d02da664e133b1c99b25a8539c69811c server=ads.google.com isFault=0 faultMessage=null
[Jun 20 2016 17:00:14.000000 - INFO] service=UserService method=getCurrentUser responseTime=88 requestId=02a550fa65e131dc70c9b2c92629f391 server=ads.google.com isFault=0 faultMessage=null
[Jun 20 2016 17:01:00.000000 - INFO] service=OrderService method=getOrdersByStatement responseTime=157 requestId=33f2e884ea4f11b446b44a847f0967d5 server=ads.google.com isFault=0 faultMessage=null
[Jun 20 2016 17:01:04.000000 - INFO] service=LineItemService method=getLineItemsByStatement responseTime=168 requestId=5c0c15772030bc1094bdbf24114e8088 server=ads.google.com isFault=0 faultMessage=null
[Jun 20 2016 17:01:07.000000 - INFO] service=UserService method=getCurrentUser responseTime=85 requestId=c4d92f8c41c9eed2c67f75760436c2ea server=ads.google.com isFault=0 faultMessage=null
[Jun 20 2016 17:02:40.000000 - INFO] service=OrderService method=getOrdersByStatement responseTime=178 requestId=2c52ee69a29aaa6da871a34ed0a6a0fa server=ads.google.com isFault=0 faultMessage=null
[Jun 20 2016 17:02:43.000000 - INFO] service=LineItemService method=getLineItemsByStatement responseTime=207 requestId=648834c5af7de2e58f4553ed64f352f7 server=ads.google.com isFault=0 faultMessage=null
[Jun 20 2016 17:02:46.000000 - INFO] service=UserService method=getCurrentUser responseTime=104 requestId=de89b68a9f9a6c0217266a780d34b5f4 server=ads.google.com isFault=0 faultMessage=null
[Jun 20 2016 17:07:02.000000 - INFO] service=OrderService method=getOrdersByStatement responseTime=176 requestId=15fe6c063a91f435ec1806f3c082674d server=ads.google.com isFault=0 faultMessage=null
[Jun 20 2016 17:07:05.000000 - INFO] service=LineItemService method=getLineItemsByStatement responseTime=215 requestId=3e1b12fe029191ad61680d577afe0c1a server=ads.google.com isFault=0 faultMessage=null
[Jun 20 2016 17:07:07.000000 - INFO] service=UserService method=getCurrentUser responseTime=97 requestId=ace6eb1092425e7a75bfcd2ef8214efb server=ads.google.com isFault=0 faultMessage=null
[Jun 20 2016 17:07:22.000000 - INFO] service=OrderService method=getOrdersByStatement responseTime=159 requestId=a6ff4ff3cea6767e1471715d9380a59d server=ads.google.com isFault=0 faultMessage=null
[Jun 20 2016 17:07:24.000000 - INFO] service=LineItemService method=getLineItemsByStatement responseTime=174 requestId=9a70552f68b43df6bb0af90fc2b1b9d8 server=ads.google.com isFault=0 faultMessage=null
[Jun 20 2016 17:07:27.000000 - INFO] service=UserService method=getCurrentUser responseTime=110 requestId=2ec637bb865ed27cac0f26f1d6225fb9 server=ads.google.com isFault=0 faultMessage=null
[Jun 20 2016 17:08:43.000000 - INFO] service=OrderService method=getOrdersByStatement responseTime=164 requestId=51032fddade352a2e9f6cc0e2395e2f1 server=ads.google.com isFault=0 faultMessage=null
[Jun 20 2016 17:08:47.000000 - INFO] service=LineItemService method=getLineItemsByStatement responseTime=228 requestId=106e3bf8ab70b024a9a38bf580c394a2 server=ads.google.com isFault=0 faultMessage=null
[Jun 20 2016 17:08:49.000000 - INFO] service=UserService method=getCurrentUser responseTime=105 requestId=aa7aaa82aff00257ac7fb505e0b795b6 server=ads.google.com isFault=0 faultMessage=null
[Jun 20 2016 17:09:19.000000 - INFO] service=OrderService method=getOrdersByStatement responseTime=168 requestId=692cbfed3af9ea486c9bb5f14742de0e server=ads.google.com isFault=0 faultMessage=null
[Jun 20 2016 17:09:23.000000 - INFO] service=LineItemService method=getLineItemsByStatement responseTime=257 requestId=ff784a0f33e56f64a313637d72b089c0 server=ads.google.com isFault=0 faultMessage=null
[Jun 20 2016 17:09:25.000000 - INFO] service=UserService method=getCurrentUser responseTime=94 requestId=5389b111e13646f3bac864e941d93158 server=ads.google.com isFault=0 faultMessage=null
[Jun 20 2016 17:09:41.000000 - INFO] service=OrderService method=getOrdersByStatement responseTime=169 requestId=bcfe9e903e0df6fd4b8ac2408ace5bf3 server=ads.google.com isFault=0 faultMessage=null
[Jun 20 2016 17:09:45.000000 - INFO] service=LineItemService method=getLineItemsByStatement responseTime=204 requestId=fa252dacb810615d937ae9a9b08510a5 server=ads.google.com isFault=0 faultMessage=null
[Jun 20 2016 17:09:46.000000 - INFO] service=UserService method=getCurrentUser responseTime=89 requestId=cce91854202038273b19037d19ac0dbe server=ads.google.com isFault=0 faultMessage=null
[Jun 20 2016 17:12:17.000000 - INFO] service=OrderService method=getOrdersByStatement responseTime=141 requestId=15b0c830edf7ba173bdff4b3a6f14925 server=ads.google.com isFault=0 faultMessage=null
[Jun 20 2016 17:12:23.000000 - INFO] service=LineItemService method=getLineItemsByStatement responseTime=211 requestId=3bd2795fb9965374847e800ca27ef5df server=ads.google.com isFault=0 faultMessage=null
[Jun 20 2016 17:12:25.000000 - INFO] service=UserService method=getCurrentUser responseTime=86 requestId=8d322910e9d75d6f06ac9fb81e9dcee2 server=ads.google.com isFault=0 faultMessage=null
[Jun 20 2016 17:12:37.000000 - INFO] service=OrderService method=getOrdersByStatement responseTime=162 requestId=e9b90e8bcd34567af8a0350791692201 server=ads.google.com isFault=0 faultMessage=null
[Jun 20 2016 17:12:41.000000 - INFO] service=LineItemService method=getLineItemsByStatement responseTime=182 requestId=9b99173c3f30ea569eae65135e07d957 server=ads.google.com isFault=0 faultMessage=null
[Jun 20 2016 17:12:44.000000 - INFO] service=UserService method=getCurrentUser responseTime=97 requestId=4457879d7ee8f909fb01a9185c5d6fc7 server=ads.google.com isFault=0 faultMessage=null
[Jun 20 2016 17:17:28.000000 - INFO] service=OrderService method=getOrdersByStatement responseTime=150 requestId=112d6a4b9661677f64b03cb5a049f307 server=ads.google.com isFault=0 faultMessage=null
[Jun 20 2016 17:17:32.000000 - INFO] service=LineItemService method=getLineItemsByStatement responseTime=197 requestId=883a8be114da3c4c7185e1a7e3a3d0b5 server=ads.google.com isFault=0 faultMessage=null
[Jun 20 2016 17:17:34.000000 - INFO] service=UserService method=getCurrentUser responseTime=97 requestId=a260626b117a36149f62c7b08be1cd5a server=ads.google.com isFault=0 faultMessage=null
[Jun 20 2016 17:19:38.000000 - INFO] service=OrderService method=getOrdersByStatement responseTime=147 requestId=c042d5a4c8fa63cd62d7f2eb81979253 server=ads.google.com isFault=0 faultMessage=null
[Jun 20 2016 17:19:42.000000 - INFO] service=LineItemService method=getLineItemsByStatement responseTime=185 requestId=513123d336345bba661d31c40b0c767b server=ads.google.com isFault=0 faultMessage=null
[Jun 20 2016 17:19:43.000000 - INFO] service=UserService method=getCurrentUser responseTime=91 requestId=49a8bd02224da26f831992e753eca78c server=ads.google.com isFault=0 faultMessage=null
[Jun 20 2016 17:20:32.000000 - INFO] service=OrderService method=getOrdersByStatement responseTime=394 requestId=7cc100c35e8e84cb9dabac0735c3d20b server=ads.google.com isFault=0 faultMessage=null
[Jun 20 2016 17:20:37.000000 - ERROR] service=LineItemService method=getLineItemsByStatement responseTime=114 requestId=91021ceaf602a6df6d6ba4644f0fa188 server=ads.google.com isFault=1 faultMessage=[PublisherQueryLanguageContextError.UNEXECUTABLE @ Mapping requested for unknown identifer: isArchied on table: LineItem with table scope: lineitem]
[Jun 20 2016 17:21:05.000000 - INFO] service=OrderService method=getOrdersByStatement responseTime=157 requestId=b86a36382f422c939904ced0e98cc578 server=ads.google.com isFault=0 faultMessage=null
[Jun 20 2016 17:21:08.000000 - ERROR] service=LineItemService method=getLineItemsByStatement responseTime=124 requestId=d58a6dc989944fc88eb3a27c77da167b server=ads.google.com isFault=1 faultMessage=[PublisherQueryLanguageContextError.UNEXECUTABLE @ Mapping requested for unknown identifer: isArchied on table: LineItem with table scope: lineitem]
[Jun 20 2016 17:21:26.000000 - INFO] service=OrderService method=getOrdersByStatement responseTime=145 requestId=5c6a2cc27313407226c0682afb28b8be server=ads.google.com isFault=0 faultMessage=null
[Jun 20 2016 17:21:29.000000 - ERROR] service=LineItemService method=getLineItemsByStatement responseTime=111 requestId=59185dc79ea327a4709695ccf5df9bd6 server=ads.google.com isFault=1 faultMessage=[PublisherQueryLanguageContextError.UNEXECUTABLE @ Mapping requested for unknown identifer: isArchied on table: LineItem with table scope: lineitem]
[Jun 20 2016 17:21:45.000000 - INFO] service=OrderService method=getOrdersByStatement responseTime=170 requestId=5716b3275633b483c3688ab57eeb2695 server=ads.google.com isFault=0 faultMessage=null
[Jun 20 2016 17:21:53.000000 - INFO] service=LineItemService method=getLineItemsByStatement responseTime=189 requestId=ab5956d25c75660dc56e2db32566ce66 server=ads.google.com isFault=0 faultMessage=null
[Jun 20 2016 17:21:56.000000 - INFO] service=UserService method=getCurrentUser responseTime=81 requestId=890dbbaa68cb3a045b1f99e157019184 server=ads.google.com isFault=0 faultMessage=null
[Jun 20 2016 17:26:48.000000 - INFO] service=OrderService method=getOrdersByStatement responseTime=155 requestId=a15748d9f69ecab0ee718db9738f91be server=ads.google.com isFault=0 faultMessage=null
[Jun 20 2016 17:26:53.000000 - INFO] service=LineItemService method=getLineItemsByStatement responseTime=196 requestId=f351971da7daefdf2c3ad154e6e44877 server=ads.google.com isFault=0 faultMessage=null
[Jun 20 2016 17:26:55.000000 - INFO] service=UserService method=getCurrentUser responseTime=92 requestId=561428c91fe95682af8b712ded02450a server=ads.google.com isFault=0 faultMessage=null
[Jun 20 2016 17:33:09.000000 - INFO] service=OrderService method=getOrdersByStatement responseTime=154 requestId=a1aee849cb76f8c658e9d42ed9b2f8a2 server=ads.google.com isFault=0 faultMessage=null
[Jun 20 2016 17:33:12.000000 - INFO] service=LineItemService method=getLineItemsByStatement responseTime=188 requestId=4da915c4217f97e8e6a7fbee9e0615f1 server=ads.google.com isFault=0 faultMessage=null
[Jun 20 2016 17:33:15.000000 - INFO] service=UserService method=getCurrentUser responseTime=101 requestId=9c0e9889c17c0f9072fda3f35b6dc47c server=ads.google.com isFault=0 faultMessage=null
[Jun 20 2016 17:34:36.000000 - INFO] service=OrderService method=getOrdersByStatement responseTime=160 requestId=5ff5c49d9117efc0c601fd687ed4b430 server=ads.google.com isFault=0 faultMessage=null
[Jun 20 2016 17:34:40.000000 - INFO] service=LineItemService method=getLineItemsByStatement responseTime=203 requestId=b5bb1e66942c4a716ffd80047c0a0682 server=ads.google.com isFault=0 faultMessage=null
[Jun 20 2016 17:34:42.000000 - INFO] service=UserService method=getCurrentUser responseTime=108 requestId=cef3bbe7bdadf943c33256cd2b0cd0de server=ads.google.com isFault=0 faultMessage=null
[Jun 20 2016 17:36:09.000000 - INFO] service=OrderService method=getOrdersByStatement responseTime=149 requestId=539c1dfbfbcc02e83aa98b03e8374dc3 server=ads.google.com isFault=0 faultMessage=null
[Jun 20 2016 17:36:15.000000 - INFO] service=LineItemService method=getLineItemsByStatement responseTime=191 requestId=0778942d79520fa1950a4f901adec643 server=ads.google.com isFault=0 faultMessage=null
[Jun 20 2016 17:36:19.000000 - INFO] service=UserService method=getCurrentUser responseTime=228 requestId=96d0ea4722b08d22ecec5b2de4332e9e server=ads.google.com isFault=0 faultMessage=null
[Jun 20 2016 17:40:18.000000 - INFO] service=OrderService method=getOrdersByStatement responseTime=184 requestId=6be23de668486a7b64e7b3b45be8a38c server=ads.google.com isFault=0 faultMessage=null
[Jun 20 2016 17:40:19.000000 - INFO] service=LineItemService method=getLineItemsByStatement responseTime=177 requestId=b6fe100dfeebaf06d89f3221f1a355cd server=ads.google.com isFault=0 faultMessage=null
[Jun 20 2016 17:40:23.000000 - INFO] service=UserService method=getCurrentUser responseTime=215 requestId=cb61c13974658f91c10956347b6d83d9 server=ads.google.com isFault=0 faultMessage=null
[Jun 20 2016 17:52:16.000000 - INFO] service=OrderService method=getOrdersByStatement responseTime=162 requestId=4476d2aed0c63c028486df575f2ff155 server=ads.google.com isFault=0 faultMessage=null
[Jun 20 2016 17:52:23.000000 - INFO] service=LineItemService method=getLineItemsByStatement responseTime=174 requestId=a2fbcd3393c2fb8d4d99322fe2afd0eb server=ads.google.com isFault=0 faultMessage=null
[Jun 20 2016 17:52:26.000000 - INFO] service=UserService method=getCurrentUser responseTime=78 requestId=4b6f7b66f86c9c8b4678550f29b81c16 server=ads.google.com isFault=0 faultMessage=null
[Jun 20 2016 17:59:50.000000 - INFO] service=OrderService method=getOrdersByStatement responseTime=176 requestId=6fbb49c1c60f9d6df09ba4fe476dc891 server=ads.google.com isFault=0 faultMessage=null
[Jun 20 2016 17:59:56.000000 - INFO] service=LineItemService method=getLineItemsByStatement responseTime=197 requestId=a1bc9edc3679843582f8dc8c8dcdc3d4 server=ads.google.com isFault=0 faultMessage=null
[Jun 20 2016 17:59:58.000000 - INFO] service=UserService method=getCurrentUser responseTime=104 requestId=f11d05754fb9f4365b75c0fcb9a57f4e server=ads.google.com isFault=0 faultMessage=null
[Jun 20 2016 17:59:59.000000 - INFO] service=OrderService method=getOrdersByStatement responseTime=153 requestId=cdd0a08acf7c5ccf20731f960f1f8c1c server=ads.google.com isFault=0 faultMessage=null
[Jun 20 2016 18:00:04.000000 - INFO] service=LineItemService method=getLineItemsByStatement responseTime=324 requestId=0b15824135c686672b8e1c25f1b23988 server=ads.google.com isFault=0 faultMessage=null
[Jun 20 2016 18:00:06.000000 - INFO] service=UserService method=getCurrentUser responseTime=92 requestId=f1d3606b9f93195d7aaab68a2d37b0f8 server=ads.google.com isFault=0 faultMessage=null
[Jun 20 2016 18:00:22.000000 - INFO] service=OrderService method=getOrdersByStatement responseTime=165 requestId=9f96900f42a62616535e8c5372e44cc5 server=ads.google.com isFault=0 faultMessage=null
[Jun 20 2016 18:00:27.000000 - INFO] service=LineItemService method=getLineItemsByStatement responseTime=196 requestId=ec1e6e128869d33eddab593937601cbd server=ads.google.com isFault=0 faultMessage=null
[Jun 20 2016 18:00:30.000000 - INFO] service=UserService method=getCurrentUser responseTime=85 requestId=8241b7e73d263f47c0f4ae6e152ffbea server=ads.google.com isFault=0 faultMessage=null
[Jun 20 2016 18:26:11.000000 - INFO] service=OrderService method=getOrdersByStatement responseTime=185 requestId=765bfae9b743a0b79a366de6a787afcd server=ads.google.com isFault=0 faultMessage=null
[Jun 20 2016 18:26:15.000000 - INFO] service=LineItemService method=getLineItemsByStatement responseTime=308 requestId=68451eee7c2eee297d7f8e170681fa44 server=ads.google.com isFault=0 faultMessage=null
[Jun 20 2016 18:26:19.000000 - INFO] service=UserService method=getCurrentUser responseTime=91 requestId=39694c15398ec315bf6d9b9071ff38a5 server=ads.google.com isFault=0 faultMessage=null
[Jun 20 2016 18:27:42.000000 - INFO] service=OrderService method=getOrdersByStatement responseTime=174 requestId=0f221448cf16848b951bdf94523089fd server=ads.google.com isFault=0 faultMessage=null
[Jun 20 2016 18:27:47.000000 - INFO] service=LineItemService method=getLineItemsByStatement responseTime=208 requestId=19d1434bedf7d2033284adf41360daa7 server=ads.google.com isFault=0 faultMessage=null
[Jun 20 2016 18:27:51.000000 - INFO] service=UserService method=getCurrentUser responseTime=95 requestId=40830f3f24283f5fca202234cd9a7684 server=ads.google.com isFault=0 faultMessage=null
[Jun 20 2016 18:29:24.000000 - INFO] service=OrderService method=getOrdersByStatement responseTime=158 requestId=e59d3bc20eacdff4cd4008b7ae658df4 server=ads.google.com isFault=0 faultMessage=null
[Jun 20 2016 18:29:27.000000 - INFO] service=LineItemService method=getLineItemsByStatement responseTime=184 requestId=feedf45ebac0fc7d95cc5c11517877cb server=ads.google.com isFault=0 faultMessage=null
[Jun 20 2016 18:29:31.000000 - INFO] service=UserService method=getCurrentUser responseTime=86 requestId=3a9fb1dfcac9c8498b191c7be529c530 server=ads.google.com isFault=0 faultMessage=null
[Jun 20 2016 18:29:32.000000 - INFO] service=OrderService method=getOrdersByStatement responseTime=170 requestId=4dd586256805bde2f3dd2ed7f4cfeb95 server=ads.google.com isFault=0 faultMessage=null
[Jun 20 2016 18:29:39.000000 - INFO] service=LineItemService method=getLineItemsByStatement responseTime=177 requestId=d4740199165b3ec68332232ebe89fbda server=ads.google.com isFault=0 faultMessage=null
[Jun 20 2016 18:29:42.000000 - INFO] service=UserService method=getCurrentUser responseTime=92 requestId=6201f99f9e5feb72f0f6f5cdff325df8 server=ads.google.com isFault=0 faultMessage=null
[Jun 20 2016 18:36:03.000000 - INFO] service=OrderService method=getOrdersByStatement responseTime=170 requestId=493308f551b27cf1a8e72e6f938fa541 server=ads.google.com isFault=0 faultMessage=null
[Jun 20 2016 18:36:07.000000 - INFO] service=LineItemService method=getLineItemsByStatement responseTime=204 requestId=d219e315a86c60169d27be255b93d2bc server=ads.google.com isFault=0 faultMessage=null
[Jun 20 2016 18:36:11.000000 - INFO] service=UserService method=getCurrentUser responseTime=100 requestId=c7e83ff6979e48e920c7856464ba4be9 server=ads.google.com isFault=0 faultMessage=null
[Jun 20 2016 18:36:52.000000 - INFO] service=OrderService method=getOrdersByStatement responseTime=168 requestId=c37560218ad68fd5544013637e762656 server=ads.google.com isFault=0 faultMessage=null
[Jun 20 2016 18:36:55.000000 - INFO] service=LineItemService method=getLineItemsByStatement responseTime=203 requestId=f5be8ac188972b654dc73e22872f4ac3 server=ads.google.com isFault=0 faultMessage=null
[Jun 20 2016 18:36:58.000000 - INFO] service=UserService method=getCurrentUser responseTime=83 requestId=ca491f4912bed470d447cce5740caa12 server=ads.google.com isFault=0 faultMessage=null
[Jun 20 2016 18:42:15.000000 - INFO] service=OrderService method=getOrdersByStatement responseTime=139 requestId=937674094bff6e1e26282d2075c146d0 server=ads.google.com isFault=0 faultMessage=null
[Jun 20 2016 18:42:19.000000 - INFO] service=LineItemService method=getLineItemsByStatement responseTime=249 requestId=1ff79bcf33ec701cd27b79e2302cf94a server=ads.google.com isFault=0 faultMessage=null
[Jun 20 2016 18:42:21.000000 - INFO] service=UserService method=getCurrentUser responseTime=92 requestId=d55f40f4db36467a4b100f474d4db669 server=ads.google.com isFault=0 faultMessage=null
[Jun 20 2016 18:58:09.000000 - INFO] service=OrderService method=getOrdersByStatement responseTime=148 requestId=7c390e5fde3d204f047c4087dced1622 server=ads.google.com isFault=0 faultMessage=null
[Jun 20 2016 18:58:14.000000 - INFO] service=LineItemService method=getLineItemsByStatement responseTime=215 requestId=44f5c153a0ea02aed4e869d2c7d931b5 server=ads.google.com isFault=0 faultMessage=null
[Jun 20 2016 18:58:19.000000 - INFO] service=UserService method=getCurrentUser responseTime=97 requestId=aca3beb99b574642f4d39a3b9ad1a79c server=ads.google.com isFault=0 faultMessage=null
